# JRE version: OpenJDK Runtime Environment Microsoft-8035246 (17.0.8+7) (build 17.0.8+7-LTS)
# Java VM: OpenJDK 64-Bit Server VM Microsoft-8035246 (17.0.8+7-LTS, mixed mode, sharing, tiered, compressed oops, compressed class ptrs, g1 gc, windows-amd64)
GC Precious Log:
 CPUs: 4 total, 4 available
 Memory: 8076M
 Large Page Support: Disabled
 NUMA Support: Disabled
 Compressed Oops: Enabled (32-bit)
 Heap Region Size: 1M
 Heap Min Capacity: 8M
 Heap Initial Capacity: 128M
 Heap Max Capacity: 2G
 Pre-touch: Disabled
 Parallel Workers: 4
 Concurrent Workers: 1
 Concurrent Refinement Workers: 4
 Periodic GC: Disabled
Heap:
 garbage-first heap   total 406528K, used 305592K [0x0000000080000000, 0x0000000100000000)
  region size 1024K, 153 young (156672K), 15 survivors (15360K)
 Metaspace       used 104557K, committed 105664K, reserved 557056K
  class space    used 14609K, committed 15168K, reserved 425984K
GC Heap History (20 events):
Event: 19.154 GC heap before
{Heap before GC invocations=38 (full 0):
 garbage-first heap   total 152576K, used 106170K [0x0000000080000000, 0x0000000100000000)
  region size 1024K, 24 young (24576K), 1 survivors (1024K)
 Metaspace       used 73540K, committed 74304K, reserved 491520K
  class space    used 10352K, committed 10688K, reserved 425984K
}
Event: 19.159 GC heap after
{Heap after GC invocations=39 (full 0):
 garbage-first heap   total 183296K, used 85454K [0x0000000080000000, 0x0000000100000000)
  region size 1024K, 3 young (3072K), 3 survivors (3072K)
 Metaspace       used 73540K, committed 74304K, reserved 491520K
  class space    used 10352K, committed 10688K, reserved 425984K
}
Event: 19.842 GC heap before
{Heap before GC invocations=40 (full 0):
 garbage-first heap   total 183296K, used 142798K [0x0000000080000000, 0x0000000100000000)
  region size 1024K, 53 young (54272K), 3 survivors (3072K)
 Metaspace       used 76249K, committed 76928K, reserved 557056K
  class space    used 10714K, committed 11008K, reserved 425984K
}
Event: 19.850 GC heap after
{Heap after GC invocations=41 (full 0):
 garbage-first heap   total 183296K, used 89536K [0x0000000080000000, 0x0000000100000000)
  region size 1024K, 7 young (7168K), 7 survivors (7168K)
 Metaspace       used 76249K, committed 76928K, reserved 557056K
  class space    used 10714K, committed 11008K, reserved 425984K
}
Event: 19.863 GC heap before
{Heap before GC invocations=41 (full 0):
 garbage-first heap   total 183296K, used 89536K [0x0000000080000000, 0x0000000100000000)
  region size 1024K, 8 young (8192K), 7 survivors (7168K)
 Metaspace       used 76317K, committed 77056K, reserved 557056K
  class space    used 10726K, committed 11072K, reserved 425984K
}
Event: 19.870 GC heap after
{Heap after GC invocations=42 (full 0):
 garbage-first heap   total 183296K, used 89768K [0x0000000080000000, 0x0000000100000000)
  region size 1024K, 1 young (1024K), 1 survivors (1024K)
 Metaspace       used 76317K, committed 77056K, reserved 557056K
  class space    used 10726K, committed 11072K, reserved 425984K
}
Event: 20.455 GC heap before
{Heap before GC invocations=42 (full 0):
 garbage-first heap   total 183296K, used 138920K [0x0000000080000000, 0x0000000100000000)
  region size 1024K, 50 young (51200K), 1 survivors (1024K)
 Metaspace       used 80032K, committed 80768K, reserved 557056K
  class space    used 11232K, committed 11584K, reserved 425984K
}
Event: 20.459 GC heap after
{Heap after GC invocations=43 (full 0):
 garbage-first heap   total 183296K, used 90692K [0x0000000080000000, 0x0000000100000000)
  region size 1024K, 2 young (2048K), 2 survivors (2048K)
 Metaspace       used 80032K, committed 80768K, reserved 557056K
  class space    used 11232K, committed 11584K, reserved 425984K
}
Event: 21.042 GC heap before
{Heap before GC invocations=44 (full 0):
 garbage-first heap   total 183296K, used 142916K [0x0000000080000000, 0x0000000100000000)
  region size 1024K, 53 young (54272K), 2 survivors (2048K)
 Metaspace       used 81970K, committed 82816K, reserved 557056K
  class space    used 11505K, committed 11904K, reserved 425984K
}
Event: 21.050 GC heap after
{Heap after GC invocations=45 (full 0):
 garbage-first heap   total 183296K, used 94102K [0x0000000080000000, 0x0000000100000000)
  region size 1024K, 6 young (6144K), 6 survivors (6144K)
 Metaspace       used 81970K, committed 82816K, reserved 557056K
  class space    used 11505K, committed 11904K, reserved 425984K
}
Event: 21.067 GC heap before
{Heap before GC invocations=45 (full 0):
 garbage-first heap   total 183296K, used 96150K [0x0000000080000000, 0x0000000100000000)
  region size 1024K, 8 young (8192K), 6 survivors (6144K)
 Metaspace       used 81986K, committed 82816K, reserved 557056K
  class space    used 11507K, committed 11904K, reserved 425984K
}
Event: 21.074 GC heap after
{Heap after GC invocations=46 (full 0):
 garbage-first heap   total 183296K, used 94337K [0x0000000080000000, 0x0000000100000000)
  region size 1024K, 1 young (1024K), 1 survivors (1024K)
 Metaspace       used 81986K, committed 82816K, reserved 557056K
  class space    used 11507K, committed 11904K, reserved 425984K
}
Event: 24.623 GC heap before
{Heap before GC invocations=46 (full 0):
 garbage-first heap   total 183296K, used 140417K [0x0000000080000000, 0x0000000100000000)
  region size 1024K, 48 young (49152K), 1 survivors (1024K)
 Metaspace       used 84205K, committed 84992K, reserved 557056K
  class space    used 11826K, committed 12224K, reserved 425984K
}
Event: 24.631 GC heap after
{Heap after GC invocations=47 (full 0):
 garbage-first heap   total 406528K, used 96623K [0x0000000080000000, 0x0000000100000000)
  region size 1024K, 4 young (4096K), 4 survivors (4096K)
 Metaspace       used 84205K, committed 84992K, reserved 557056K
  class space    used 11826K, committed 12224K, reserved 425984K
}
Event: 27.355 GC heap before
{Heap before GC invocations=47 (full 0):
 garbage-first heap   total 406528K, used 282991K [0x0000000080000000, 0x0000000100000000)
  region size 1024K, 182 young (186368K), 4 survivors (4096K)
 Metaspace       used 92916K, committed 93824K, reserved 557056K
  class space    used 13174K, committed 13632K, reserved 425984K
}
Event: 27.397 GC heap after
{Heap after GC invocations=48 (full 0):
 garbage-first heap   total 406528K, used 119897K [0x0000000080000000, 0x0000000100000000)
  region size 1024K, 22 young (22528K), 22 survivors (22528K)
 Metaspace       used 92916K, committed 93824K, reserved 557056K
  class space    used 13174K, committed 13632K, reserved 425984K
}
Event: 31.495 GC heap before
{Heap before GC invocations=48 (full 0):
 garbage-first heap   total 406528K, used 311385K [0x0000000080000000, 0x0000000100000000)
  region size 1024K, 204 young (208896K), 22 survivors (22528K)
 Metaspace       used 98842K, committed 99840K, reserved 557056K
  class space    used 13966K, committed 14464K, reserved 425984K
}
Event: 31.550 GC heap after
{Heap after GC invocations=49 (full 0):
 garbage-first heap   total 406528K, used 150006K [0x0000000080000000, 0x0000000100000000)
  region size 1024K, 25 young (25600K), 25 survivors (25600K)
 Metaspace       used 98842K, committed 99840K, reserved 557056K
  class space    used 13966K, committed 14464K, reserved 425984K
}
Event: 33.789 GC heap before
{Heap before GC invocations=49 (full 0):
 garbage-first heap   total 406528K, used 305654K [0x0000000080000000, 0x0000000100000000)
  region size 1024K, 178 young (182272K), 25 survivors (25600K)
 Metaspace       used 104174K, committed 105280K, reserved 557056K
  class space    used 14567K, committed 15104K, reserved 425984K
}
Event: 33.834 GC heap after
{Heap after GC invocations=50 (full 0):
 garbage-first heap   total 406528K, used 166328K [0x0000000080000000, 0x0000000100000000)
  region size 1024K, 15 young (15360K), 15 survivors (15360K)
 Metaspace       used 104174K, committed 105280K, reserved 557056K
  class space    used 14567K, committed 15104K, reserved 425984K
}

