# JRE version: OpenJDK Runtime Environment Microsoft-8035246 (17.0.8+7) (build 17.0.8+7-LTS)
# Java VM: OpenJDK 64-Bit Server VM Microsoft-8035246 (17.0.8+7-LTS, mixed mode, sharing, tiered, compressed oops, compressed class ptrs, g1 gc, windows-amd64)
GC Precious Log:
 CPUs: 4 total, 4 available
 Memory: 8076M
 Large Page Support: Disabled
 NUMA Support: Disabled
 Compressed Oops: Enabled (32-bit)
 Heap Region Size: 1M
 Heap Min Capacity: 8M
 Heap Initial Capacity: 128M
 Heap Max Capacity: 2G
 Pre-touch: Disabled
 Parallel Workers: 4
 Concurrent Workers: 1
 Concurrent Refinement Workers: 4
 Periodic GC: Disabled
Heap:
 garbage-first heap   total 317440K, used 182330K [0x0000000080000000, 0x0000000100000000)
  region size 1024K, 16 young (16384K), 6 survivors (6144K)
 Metaspace       used 109790K, committed 110912K, reserved 557056K
  class space    used 15255K, committed 15808K, reserved 425984K
GC Heap History (20 events):
Event: 45.185 GC heap before
{Heap before GC invocations=35 (full 0):
 garbage-first heap   total 157696K, used 107510K [0x0000000080000000, 0x0000000100000000)
  region size 1024K, 30 young (30720K), 6 survivors (6144K)
 Metaspace       used 75808K, committed 76544K, reserved 557056K
  class space    used 10672K, committed 11008K, reserved 425984K
}
Event: 45.193 GC heap after
{Heap after GC invocations=36 (full 0):
 garbage-first heap   total 157696K, used 85628K [0x0000000080000000, 0x0000000100000000)
  region size 1024K, 2 young (2048K), 2 survivors (2048K)
 Metaspace       used 75808K, committed 76544K, reserved 557056K
  class space    used 10672K, committed 11008K, reserved 425984K
}
Event: 46.016 GC heap before
{Heap before GC invocations=36 (full 0):
 garbage-first heap   total 157696K, used 114300K [0x0000000080000000, 0x0000000100000000)
  region size 1024K, 31 young (31744K), 2 survivors (2048K)
 Metaspace       used 78352K, committed 79040K, reserved 557056K
  class space    used 10940K, committed 11264K, reserved 425984K
}
Event: 46.023 GC heap after
{Heap after GC invocations=37 (full 0):
 garbage-first heap   total 157696K, used 86013K [0x0000000080000000, 0x0000000100000000)
  region size 1024K, 3 young (3072K), 3 survivors (3072K)
 Metaspace       used 78352K, committed 79040K, reserved 557056K
  class space    used 10940K, committed 11264K, reserved 425984K
}
Event: 46.841 GC heap before
{Heap before GC invocations=38 (full 0):
 garbage-first heap   total 158720K, used 123901K [0x0000000080000000, 0x0000000100000000)
  region size 1024K, 34 young (34816K), 3 survivors (3072K)
 Metaspace       used 79607K, committed 80320K, reserved 557056K
  class space    used 11125K, committed 11456K, reserved 425984K
}
Event: 46.855 GC heap after
{Heap after GC invocations=39 (full 0):
 garbage-first heap   total 158720K, used 89885K [0x0000000080000000, 0x0000000100000000)
  region size 1024K, 5 young (5120K), 5 survivors (5120K)
 Metaspace       used 79607K, committed 80320K, reserved 557056K
  class space    used 11125K, committed 11456K, reserved 425984K
}
Event: 46.913 GC heap before
{Heap before GC invocations=39 (full 0):
 garbage-first heap   total 158720K, used 91933K [0x0000000080000000, 0x0000000100000000)
  region size 1024K, 7 young (7168K), 5 survivors (5120K)
 Metaspace       used 79806K, committed 80448K, reserved 557056K
  class space    used 11140K, committed 11456K, reserved 425984K
}
Event: 46.926 GC heap after
{Heap after GC invocations=40 (full 0):
 garbage-first heap   total 317440K, used 89921K [0x0000000080000000, 0x0000000100000000)
  region size 1024K, 1 young (1024K), 1 survivors (1024K)
 Metaspace       used 79806K, committed 80448K, reserved 557056K
  class space    used 11140K, committed 11456K, reserved 425984K
}
Event: 49.863 GC heap before
{Heap before GC invocations=40 (full 0):
 garbage-first heap   total 317440K, used 207681K [0x0000000080000000, 0x0000000100000000)
  region size 1024K, 116 young (118784K), 1 survivors (1024K)
 Metaspace       used 87225K, committed 88000K, reserved 557056K
  class space    used 12160K, committed 12544K, reserved 425984K
}
Event: 49.881 GC heap after
{Heap after GC invocations=41 (full 0):
 garbage-first heap   total 317440K, used 94852K [0x0000000080000000, 0x0000000100000000)
  region size 1024K, 6 young (6144K), 6 survivors (6144K)
 Metaspace       used 87225K, committed 88000K, reserved 557056K
  class space    used 12160K, committed 12544K, reserved 425984K
}
Event: 57.659 GC heap before
{Heap before GC invocations=41 (full 0):
 garbage-first heap   total 317440K, used 235140K [0x0000000080000000, 0x0000000100000000)
  region size 1024K, 142 young (145408K), 6 survivors (6144K)
 Metaspace       used 94766K, committed 95552K, reserved 557056K
  class space    used 13368K, committed 13760K, reserved 425984K
}
Event: 57.691 GC heap after
{Heap after GC invocations=42 (full 0):
 garbage-first heap   total 317440K, used 101502K [0x0000000080000000, 0x0000000100000000)
  region size 1024K, 12 young (12288K), 12 survivors (12288K)
 Metaspace       used 94766K, committed 95552K, reserved 557056K
  class space    used 13368K, committed 13760K, reserved 425984K
}
Event: 63.581 GC heap before
{Heap before GC invocations=42 (full 0):
 garbage-first heap   total 317440K, used 242814K [0x0000000080000000, 0x0000000100000000)
  region size 1024K, 144 young (147456K), 12 survivors (12288K)
 Metaspace       used 98449K, committed 99392K, reserved 557056K
  class space    used 13852K, committed 14336K, reserved 425984K
}
Event: 63.649 GC heap after
{Heap after GC invocations=43 (full 0):
 garbage-first heap   total 317440K, used 130131K [0x0000000080000000, 0x0000000100000000)
  region size 1024K, 18 young (18432K), 18 survivors (18432K)
 Metaspace       used 98449K, committed 99392K, reserved 557056K
  class space    used 13852K, committed 14336K, reserved 425984K
}
Event: 67.266 GC heap before
{Heap before GC invocations=43 (full 0):
 garbage-first heap   total 317440K, used 241747K [0x0000000080000000, 0x0000000100000000)
  region size 1024K, 125 young (128000K), 18 survivors (18432K)
 Metaspace       used 100831K, committed 101824K, reserved 557056K
  class space    used 14110K, committed 14592K, reserved 425984K
}
Event: 67.331 GC heap after
{Heap after GC invocations=44 (full 0):
 garbage-first heap   total 317440K, used 150528K [0x0000000080000000, 0x0000000100000000)
  region size 1024K, 16 young (16384K), 16 survivors (16384K)
 Metaspace       used 100831K, committed 101824K, reserved 557056K
  class space    used 14110K, committed 14592K, reserved 425984K
}
Event: 70.166 GC heap before
{Heap before GC invocations=44 (full 0):
 garbage-first heap   total 317440K, used 242688K [0x0000000080000000, 0x0000000100000000)
  region size 1024K, 106 young (108544K), 16 survivors (16384K)
 Metaspace       used 107482K, committed 108608K, reserved 557056K
  class space    used 14990K, committed 15552K, reserved 425984K
}
Event: 70.234 GC heap after
{Heap after GC invocations=45 (full 0):
 garbage-first heap   total 317440K, used 158208K [0x0000000080000000, 0x0000000100000000)
  region size 1024K, 7 young (7168K), 7 survivors (7168K)
 Metaspace       used 107482K, committed 108608K, reserved 557056K
  class space    used 14990K, committed 15552K, reserved 425984K
}
Event: 72.449 GC heap before
{Heap before GC invocations=45 (full 0):
 garbage-first heap   total 317440K, used 248320K [0x0000000080000000, 0x0000000100000000)
  region size 1024K, 95 young (97280K), 7 survivors (7168K)
 Metaspace       used 109198K, committed 110208K, reserved 557056K
  class space    used 15182K, committed 15680K, reserved 425984K
}
Event: 72.504 GC heap after
{Heap after GC invocations=46 (full 0):
 garbage-first heap   total 317440K, used 166912K [0x0000000080000000, 0x0000000100000000)
  region size 1024K, 12 young (12288K), 12 survivors (12288K)
 Metaspace       used 109198K, committed 110208K, reserved 557056K
  class space    used 15182K, committed 15680K, reserved 425984K
}

