# JRE version: OpenJDK Runtime Environment Microsoft-8035246 (17.0.8+7) (build 17.0.8+7-LTS)
# Java VM: OpenJDK 64-Bit Server VM Microsoft-8035246 (17.0.8+7-LTS, mixed mode, sharing, tiered, compressed oops, compressed class ptrs, g1 gc, windows-amd64)
GC Precious Log:
 CPUs: 4 total, 4 available
 Memory: 8076M
 Large Page Support: Disabled
 NUMA Support: Disabled
 Compressed Oops: Enabled (32-bit)
 Heap Region Size: 1M
 Heap Min Capacity: 8M
 Heap Initial Capacity: 128M
 Heap Max Capacity: 2G
 Pre-touch: Disabled
 Parallel Workers: 4
 Concurrent Workers: 1
 Concurrent Refinement Workers: 4
 Periodic GC: Disabled
Heap:
 garbage-first heap   total 293888K, used 197765K [0x0000000080000000, 0x0000000100000000)
  region size 1024K, 47 young (48128K), 8 survivors (8192K)
 Metaspace       used 103967K, committed 105024K, reserved 557056K
  class space    used 14525K, committed 15040K, reserved 425984K
GC Heap History (20 events):
Event: 53.578 GC heap before
{Heap before GC invocations=29 (full 0):
 garbage-first heap   total 222208K, used 162765K [0x0000000080000000, 0x0000000100000000)
  region size 1024K, 48 young (49152K), 8 survivors (8192K)
 Metaspace       used 94315K, committed 95232K, reserved 557056K
  class space    used 13320K, committed 13760K, reserved 425984K
}
Event: 53.600 GC heap after
{Heap after GC invocations=30 (full 0):
 garbage-first heap   total 222208K, used 129024K [0x0000000080000000, 0x0000000100000000)
  region size 1024K, 6 young (6144K), 6 survivors (6144K)
 Metaspace       used 94315K, committed 95232K, reserved 557056K
  class space    used 13320K, committed 13760K, reserved 425984K
}
Event: 53.788 GC heap before
{Heap before GC invocations=30 (full 0):
 garbage-first heap   total 222208K, used 133120K [0x0000000080000000, 0x0000000100000000)
  region size 1024K, 10 young (10240K), 6 survivors (6144K)
 Metaspace       used 94392K, committed 95296K, reserved 557056K
  class space    used 13327K, committed 13760K, reserved 425984K
}
Event: 53.804 GC heap after
{Heap after GC invocations=31 (full 0):
 garbage-first heap   total 222208K, used 130401K [0x0000000080000000, 0x0000000100000000)
  region size 1024K, 2 young (2048K), 2 survivors (2048K)
 Metaspace       used 94392K, committed 95296K, reserved 557056K
  class space    used 13327K, committed 13760K, reserved 425984K
}
Event: 54.488 GC heap before
{Heap before GC invocations=31 (full 0):
 garbage-first heap   total 222208K, used 148833K [0x0000000080000000, 0x0000000100000000)
  region size 1024K, 22 young (22528K), 2 survivors (2048K)
 Metaspace       used 94504K, committed 95488K, reserved 557056K
  class space    used 13332K, committed 13760K, reserved 425984K
}
Event: 54.499 GC heap after
{Heap after GC invocations=32 (full 0):
 garbage-first heap   total 222208K, used 131752K [0x0000000080000000, 0x0000000100000000)
  region size 1024K, 3 young (3072K), 3 survivors (3072K)
 Metaspace       used 94504K, committed 95488K, reserved 557056K
  class space    used 13332K, committed 13760K, reserved 425984K
}
Event: 56.369 GC heap before
{Heap before GC invocations=33 (full 0):
 garbage-first heap   total 240640K, used 179880K [0x0000000080000000, 0x0000000100000000)
  region size 1024K, 48 young (49152K), 3 survivors (3072K)
 Metaspace       used 96646K, committed 97600K, reserved 557056K
  class space    used 13625K, committed 14080K, reserved 425984K
}
Event: 56.395 GC heap after
{Heap after GC invocations=34 (full 0):
 garbage-first heap   total 240640K, used 139822K [0x0000000080000000, 0x0000000100000000)
  region size 1024K, 6 young (6144K), 6 survivors (6144K)
 Metaspace       used 96646K, committed 97600K, reserved 557056K
  class space    used 13625K, committed 14080K, reserved 425984K
}
Event: 56.614 GC heap before
{Heap before GC invocations=34 (full 0):
 garbage-first heap   total 240640K, used 144942K [0x0000000080000000, 0x0000000100000000)
  region size 1024K, 11 young (11264K), 6 survivors (6144K)
 Metaspace       used 97161K, committed 98112K, reserved 557056K
  class space    used 13705K, committed 14144K, reserved 425984K
}
Event: 56.634 GC heap after
{Heap after GC invocations=35 (full 0):
 garbage-first heap   total 293888K, used 140075K [0x0000000080000000, 0x0000000100000000)
  region size 1024K, 1 young (1024K), 1 survivors (1024K)
 Metaspace       used 97161K, committed 98112K, reserved 557056K
  class space    used 13705K, committed 14144K, reserved 425984K
}
Event: 59.661 GC heap before
{Heap before GC invocations=35 (full 0):
 garbage-first heap   total 293888K, used 208683K [0x0000000080000000, 0x0000000100000000)
  region size 1024K, 68 young (69632K), 1 survivors (1024K)
 Metaspace       used 101785K, committed 102848K, reserved 557056K
  class space    used 14281K, committed 14784K, reserved 425984K
}
Event: 59.683 GC heap after
{Heap after GC invocations=36 (full 0):
 garbage-first heap   total 293888K, used 145408K [0x0000000080000000, 0x0000000100000000)
  region size 1024K, 6 young (6144K), 6 survivors (6144K)
 Metaspace       used 101785K, committed 102848K, reserved 557056K
  class space    used 14281K, committed 14784K, reserved 425984K
}
Event: 61.785 GC heap before
{Heap before GC invocations=37 (full 0):
 garbage-first heap   total 293888K, used 216064K [0x0000000080000000, 0x0000000100000000)
  region size 1024K, 75 young (76800K), 6 survivors (6144K)
 Metaspace       used 103208K, committed 104256K, reserved 557056K
  class space    used 14442K, committed 14976K, reserved 425984K
}
Event: 61.823 GC heap after
{Heap after GC invocations=38 (full 0):
 garbage-first heap   total 293888K, used 152307K [0x0000000080000000, 0x0000000100000000)
  region size 1024K, 7 young (7168K), 7 survivors (7168K)
 Metaspace       used 103208K, committed 104256K, reserved 557056K
  class space    used 14442K, committed 14976K, reserved 425984K
}
Event: 62.028 GC heap before
{Heap before GC invocations=38 (full 0):
 garbage-first heap   total 293888K, used 158451K [0x0000000080000000, 0x0000000100000000)
  region size 1024K, 14 young (14336K), 7 survivors (7168K)
 Metaspace       used 103414K, committed 104448K, reserved 557056K
  class space    used 14466K, committed 14976K, reserved 425984K
}
Event: 62.052 GC heap after
{Heap after GC invocations=39 (full 0):
 garbage-first heap   total 293888K, used 153339K [0x0000000080000000, 0x0000000100000000)
  region size 1024K, 2 young (2048K), 2 survivors (2048K)
 Metaspace       used 103414K, committed 104448K, reserved 557056K
  class space    used 14466K, committed 14976K, reserved 425984K
}
Event: 63.727 GC heap before
{Heap before GC invocations=39 (full 0):
 garbage-first heap   total 293888K, used 220923K [0x0000000080000000, 0x0000000100000000)
  region size 1024K, 69 young (70656K), 2 survivors (2048K)
 Metaspace       used 103836K, committed 104896K, reserved 557056K
  class space    used 14519K, committed 15040K, reserved 425984K
}
Event: 63.752 GC heap after
{Heap after GC invocations=40 (full 0):
 garbage-first heap   total 293888K, used 155970K [0x0000000080000000, 0x0000000100000000)
  region size 1024K, 4 young (4096K), 4 survivors (4096K)
 Metaspace       used 103836K, committed 104896K, reserved 557056K
  class space    used 14519K, committed 15040K, reserved 425984K
}
Event: 65.608 GC heap before
{Heap before GC invocations=40 (full 0):
 garbage-first heap   total 293888K, used 226626K [0x0000000080000000, 0x0000000100000000)
  region size 1024K, 74 young (75776K), 4 survivors (4096K)
 Metaspace       used 103842K, committed 104896K, reserved 557056K
  class space    used 14519K, committed 15040K, reserved 425984K
}
Event: 65.626 GC heap after
{Heap after GC invocations=41 (full 0):
 garbage-first heap   total 293888K, used 159877K [0x0000000080000000, 0x0000000100000000)
  region size 1024K, 8 young (8192K), 8 survivors (8192K)
 Metaspace       used 103842K, committed 104896K, reserved 557056K
  class space    used 14519K, committed 15040K, reserved 425984K
}

